<?xml version="1.0" encoding="UTF-8"?>
<!-- Generated by org.testng.reporters.JUnitXMLReporter -->
<testsuite ignored="0" hostname="DESKTOP-1HPHFPK" failures="0" tests="3" name="Default test(failed)" time="5.934" errors="0" timestamp="2022-12-31T10:40:07 WIB">
  <testcase classname="qaautomation.december2022.BaseWebTest" name="@BeforeMethod setUp" time="5.495">
    <failure type="org.openqa.selenium.InvalidArgumentException" message="invalid argument
  (Session info: chrome=108.0.5359.125)
Build info: version: &amp;apos;4.0.0-beta-3&amp;apos;, revision: &amp;apos;5d108f9a67&amp;apos;
System info: host: &amp;apos;DESKTOP-1HPHFPK&amp;apos;, ip: &amp;apos;192.168.249.1&amp;apos;, os.name: &amp;apos;Windows 10&amp;apos;, os.arch: &amp;apos;amd64&amp;apos;, os.version: &amp;apos;10.0&amp;apos;, java.version: &amp;apos;19.0.1&amp;apos;
Driver info: org.openqa.selenium.chrome.ChromeDriver
Command: [2edfb656076d77641bdcfad390fa9e38, get {url=saucedemo.com}]
Capabilities {acceptInsecureCerts: false, browserName: chrome, browserVersion: 108.0.5359.125, chrome: {chromedriverVersion: 108.0.5359.71 (1e0e3868ee06..., userDataDir: C:\Users\user\AppData\Local...}, goog:chromeOptions: {debuggerAddress: localhost:50355}, javascriptEnabled: true, networkConnectionEnabled: false, pageLoadStrategy: normal, platform: WINDOWS, platformName: WINDOWS, proxy: Proxy(), se:cdp: ws://localhost:50355/devtoo..., se:cdpVersion: 108.0.5359.125, setWindowRect: true, strictFileInteractability: false, timeouts: {implicit: 0, pageLoad: 300000, script: 30000}, unhandledPromptBehavior: dismiss and notify, webauthn:extension:credBlob: true, webauthn:extension:largeBlob: true, webauthn:virtualAuthenticators: true}
Session ID: 2edfb656076d77641bdcfad390fa9e38">
      <![CDATA[org.openqa.selenium.InvalidArgumentException: invalid argument
  (Session info: chrome=108.0.5359.125)
Build info: version: '4.0.0-beta-3', revision: '5d108f9a67'
System info: host: 'DESKTOP-1HPHFPK', ip: '192.168.249.1', os.name: 'Windows 10', os.arch: 'amd64', os.version: '10.0', java.version: '19.0.1'
Driver info: org.openqa.selenium.chrome.ChromeDriver
Command: [2edfb656076d77641bdcfad390fa9e38, get {url=saucedemo.com}]
Capabilities {acceptInsecureCerts: false, browserName: chrome, browserVersion: 108.0.5359.125, chrome: {chromedriverVersion: 108.0.5359.71 (1e0e3868ee06..., userDataDir: C:\Users\user\AppData\Local...}, goog:chromeOptions: {debuggerAddress: localhost:50355}, javascriptEnabled: true, networkConnectionEnabled: false, pageLoadStrategy: normal, platform: WINDOWS, platformName: WINDOWS, proxy: Proxy(), se:cdp: ws://localhost:50355/devtoo..., se:cdpVersion: 108.0.5359.125, setWindowRect: true, strictFileInteractability: false, timeouts: {implicit: 0, pageLoad: 300000, script: 30000}, unhandledPromptBehavior: dismiss and notify, webauthn:extension:credBlob: true, webauthn:extension:largeBlob: true, webauthn:virtualAuthenticators: true}
Session ID: 2edfb656076d77641bdcfad390fa9e38
at org.openqa.selenium.remote.codec.w3c.W3CHttpResponseCodec.createException(W3CHttpResponseCodec.java:198)
at org.openqa.selenium.remote.codec.w3c.W3CHttpResponseCodec.decode(W3CHttpResponseCodec.java:131)
at org.openqa.selenium.remote.codec.w3c.W3CHttpResponseCodec.decode(W3CHttpResponseCodec.java:52)
at org.openqa.selenium.remote.HttpCommandExecutor.execute(HttpCommandExecutor.java:184)
at org.openqa.selenium.remote.service.DriverCommandExecutor.invokeExecute(DriverCommandExecutor.java:153)
at org.openqa.selenium.remote.service.DriverCommandExecutor.execute(DriverCommandExecutor.java:128)
at org.openqa.selenium.remote.RemoteWebDriver.execute(RemoteWebDriver.java:619)
at org.openqa.selenium.remote.RemoteWebDriver.get(RemoteWebDriver.java:333)
at qaautomation.december2022.BaseWebTest.setUp(BaseWebTest.java:21)
at java.base/java.util.ArrayList.forEach(ArrayList.java:1511)
... Removed 32 stack frames]]>
    </failure>
  </testcase> <!-- @BeforeMethod setUp -->
  <testcase classname="qaautomation.december2022.BaseWebTest" name="@AfterMethod TearDown" time="-1.672458007482E9">
    <skipped/>
  </testcase> <!-- @AfterMethod TearDown -->
  <testcase classname="qaautomation.december2022.BaseWebTest" name="@BeforeMethod setUp" time="-1.67245800749E9">
    <skipped/>
  </testcase> <!-- @BeforeMethod setUp -->
  <testcase classname="qaautomation.december2022.BaseWebTest" name="@AfterMethod TearDown" time="-1.672458007516E9">
    <skipped/>
  </testcase> <!-- @AfterMethod TearDown -->
  <testcase classname="qaautomation.december2022.BaseWebTest" name="@BeforeMethod setUp" time="-1.672458007522E9">
    <skipped/>
  </testcase> <!-- @BeforeMethod setUp -->
  <testcase classname="qaautomation.december2022.BaseWebTest" name="@AfterMethod TearDown" time="-1.672458007543E9">
    <skipped/>
  </testcase> <!-- @AfterMethod TearDown -->
  <testcase classname="qaautomation.december2022.WebTestUsingBaseWebTest" name="testSuccessLogin" time="0.0">
    <skipped/>
  </testcase> <!-- testSuccessLogin -->
  <testcase classname="qaautomation.december2022.WebTestUsingBaseWebTest" name="testWrongUsername" time="0.0">
    <skipped/>
  </testcase> <!-- testWrongUsername -->
  <testcase classname="qaautomation.december2022.WebTestUsingBaseWebTest" name="testWrongPassword" time="0.0">
    <skipped/>
  </testcase> <!-- testWrongPassword -->
</testsuite> <!-- Default test(failed) -->
